app/build/intermediates/manifest_merge_blame_file/debug/manifest-merger-blame-debug-report.txt
1<?xml version="1.0" encoding="utf-8"?>
2<manifest xmlns:android="http://schemas.android.com/apk/res/android"
3    package="com.example.quality_control"
4    android:versionCode="1"
5    android:versionName="1.0" >
6
7    <uses-sdk
8        android:minSdkVersion="17"
8-->src\main\AndroidManifest.xml
9        android:targetSdkVersion="26" />
9-->src\main\AndroidManifest.xml
10
11    <uses-permission android:name="android.permission.INTERNET" />
11-->src\main\AndroidManifest.xml:8:5-67
11-->src\main\AndroidManifest.xml:8:22-64
12    <uses-permission android:name="android.permission.ACCESS_NETWORK_STATE" />
12-->src\main\AndroidManifest.xml:9:5-79
12-->src\main\AndroidManifest.xml:9:22-76
13    <uses-permission android:name="android.permission.ACCESS_WIFI_STATE" />
13-->src\main\AndroidManifest.xml:10:5-76
13-->src\main\AndroidManifest.xml:10:22-73
14    <uses-permission android:name="android.permission.CAMERA" />
14-->src\main\AndroidManifest.xml:11:5-65
14-->src\main\AndroidManifest.xml:11:22-62
15    <uses-permission android:name="android.permission.WRITE_EXTERNAL_STORAGE" >
15-->src\main\AndroidManifest.xml:12:5-13:23
15-->src\main\AndroidManifest.xml:12:22-78
16    </uses-permission>
17    <uses-permission android:name="android.permission.READ_EXTERNAL_STORAGE" />
17-->src\main\AndroidManifest.xml:14:5-80
17-->src\main\AndroidManifest.xml:14:22-77
18    <uses-permission android:name="android.permission.MANAGE_EXTERNAL_STORAGE" />
18-->src\main\AndroidManifest.xml:15:5-110
18-->src\main\AndroidManifest.xml:15:22-79
19
20    <application
20-->src\main\AndroidManifest.xml:17:5-118:19
21        android:allowBackup="true"
21-->src\main\AndroidManifest.xml:18:9-35
22        android:anyDensity="true"
22-->src\main\AndroidManifest.xml:23:9-34
23        android:debuggable="true"
24        android:icon="@drawable/ic_launcher"
24-->src\main\AndroidManifest.xml:19:9-45
25        android:label="@string/app_name"
25-->src\main\AndroidManifest.xml:20:9-41
26        android:largeHeap="true"
26-->src\main\AndroidManifest.xml:22:9-33
27        android:largeScreens="true"
27-->src\main\AndroidManifest.xml:24:9-36
28        android:normalScreens="true"
28-->src\main\AndroidManifest.xml:25:9-37
29        android:resizeable="true"
29-->src\main\AndroidManifest.xml:26:9-34
30        android:smallScreens="true"
30-->src\main\AndroidManifest.xml:27:9-36
31        android:testOnly="true"
32        android:theme="@style/AppTheme"
32-->src\main\AndroidManifest.xml:21:9-40
33        android:xlargeScreens="true" >
33-->src\main\AndroidManifest.xml:28:9-37
34        <activity
34-->src\main\AndroidManifest.xml:29:9-37:20
35            android:name="com.example.quality_control.MainActivity"
35-->src\main\AndroidManifest.xml:30:13-41
36            android:exported="true"
36-->src\main\AndroidManifest.xml:32:13-36
37            android:windowSoftInputMode="stateHidden" >
37-->src\main\AndroidManifest.xml:31:13-54
38            <intent-filter>
38-->src\main\AndroidManifest.xml:33:13-36:29
39                <action android:name="android.intent.action.MAIN" />
39-->src\main\AndroidManifest.xml:34:17-69
39-->src\main\AndroidManifest.xml:34:25-66
40
41                <category android:name="android.intent.category.LAUNCHER" />
41-->src\main\AndroidManifest.xml:35:17-77
41-->src\main\AndroidManifest.xml:35:27-74
42            </intent-filter>
43        </activity>
44        <activity
44-->src\main\AndroidManifest.xml:38:9-41:20
45            android:name="com.example.quality_control.menuprincipal"
45-->src\main\AndroidManifest.xml:39:13-42
46            android:windowSoftInputMode="stateHidden" >
46-->src\main\AndroidManifest.xml:40:13-54
47        </activity>
48        <activity
48-->src\main\AndroidManifest.xml:42:9-45:20
49            android:name="com.example.quality_control.Ingreso"
49-->src\main\AndroidManifest.xml:43:13-36
50            android:windowSoftInputMode="adjustPan|stateHidden" >
50-->src\main\AndroidManifest.xml:44:13-64
51        </activity>
52        <activity android:name="com.example.quality_control.IngresoOFL" >
52-->src\main\AndroidManifest.xml:46:9-48:20
52-->src\main\AndroidManifest.xml:47:13-39
53        </activity>
54        <activity android:name="com.example.quality_control.Pages" >
54-->src\main\AndroidManifest.xml:49:9-51:20
54-->src\main\AndroidManifest.xml:50:13-34
55        </activity>
56        <activity
56-->src\main\AndroidManifest.xml:52:9-54:20
57            android:name="com.example.quality_control.Lote"
57-->src\main\AndroidManifest.xml:52:19-39
58            android:windowSoftInputMode="adjustPan|stateHidden" >
58-->src\main\AndroidManifest.xml:52:40-91
59
60            <!-- <meta-data android:name="android.support.UI_OPTIONS" android:value="splitActionBarWhenNarrow"></meta-data> -->
61        </activity>
62        <activity android:name="com.example.quality_control.Foto_Lote" >
62-->src\main\AndroidManifest.xml:55:9-57:20
62-->src\main\AndroidManifest.xml:56:13-38
63        </activity>
64        <activity android:name="com.example.quality_control.Foto_Embarque" >
64-->src\main\AndroidManifest.xml:58:9-60:20
64-->src\main\AndroidManifest.xml:59:13-42
65        </activity>
66        <activity android:name="com.example.quality_control.PopupLote" >
66-->src\main\AndroidManifest.xml:61:9-63:20
66-->src\main\AndroidManifest.xml:62:13-38
67        </activity>
68        <activity android:name="com.example.quality_control.Popup_Foto" >
68-->src\main\AndroidManifest.xml:64:9-66:20
68-->src\main\AndroidManifest.xml:65:13-39
69        </activity>
70        <activity android:name="com.example.quality_control.Popup_Transfer" >
70-->src\main\AndroidManifest.xml:67:9-69:20
70-->src\main\AndroidManifest.xml:68:13-43
71        </activity>
72        <activity android:name="com.example.quality_control.PopupMuestra" >
72-->src\main\AndroidManifest.xml:70:9-72:20
72-->src\main\AndroidManifest.xml:71:13-41
73        </activity>
74        <activity
74-->src\main\AndroidManifest.xml:73:9-75:20
75            android:name="com.example.quality_control.Reporte"
75-->src\main\AndroidManifest.xml:74:13-36
76            android:screenOrientation="landscape" >
76-->src\main\AndroidManifest.xml:74:38-75
77        </activity>
78        <activity
78-->src\main\AndroidManifest.xml:76:9-78:20
79            android:name="com.example.quality_control.Reporte_Completo"
79-->src\main\AndroidManifest.xml:77:13-45
80            android:screenOrientation="landscape" >
80-->src\main\AndroidManifest.xml:77:47-84
81        </activity>
82        <activity android:name="com.example.quality_control.GaleryEmpaque" >
82-->src\main\AndroidManifest.xml:79:9-81:20
82-->src\main\AndroidManifest.xml:80:13-42
83        </activity>
84        <activity android:name="com.example.quality_control.Transfer_Lote" >
84-->src\main\AndroidManifest.xml:82:9-84:20
84-->src\main\AndroidManifest.xml:83:13-42
85        </activity>
86        <activity android:name="com.example.quality_control.FotoView" >
86-->src\main\AndroidManifest.xml:85:9-86:20
86-->src\main\AndroidManifest.xml:85:19-43
87        </activity>
88        <activity android:name="com.example.quality_control.Foto_View2" >
88-->src\main\AndroidManifest.xml:87:9-88:20
88-->src\main\AndroidManifest.xml:87:19-45
89        </activity>
90        <activity
90-->src\main\AndroidManifest.xml:89:9-92:20
91            android:name="com.example.quality_control.Home"
91-->src\main\AndroidManifest.xml:90:13-33
92            android:label="@string/title_activity_home" >
92-->src\main\AndroidManifest.xml:91:13-56
93        </activity>
94        <activity
94-->src\main\AndroidManifest.xml:93:9-96:20
95            android:name="com.example.quality_control.Inventary"
95-->src\main\AndroidManifest.xml:94:13-38
96            android:windowSoftInputMode="adjustPan" >
96-->src\main\AndroidManifest.xml:95:13-52
97        </activity>
98        <activity
98-->src\main\AndroidManifest.xml:97:9-100:20
99            android:name="com.example.quality_control.Report"
99-->src\main\AndroidManifest.xml:98:13-35
100            android:windowSoftInputMode="adjustPan" >
100-->src\main\AndroidManifest.xml:99:13-52
101        </activity>
102        <activity
102-->src\main\AndroidManifest.xml:101:8-104:20
103            android:name="com.example.quality_control.Reporte_Lote"
103-->src\main\AndroidManifest.xml:102:13-41
104            android:windowSoftInputMode="adjustPan" >
104-->src\main\AndroidManifest.xml:103:13-52
105        </activity>
106
107        <provider
108            android:name="android.support.v4.content.FileProvider"
108-->src\main\AndroidManifest.xml:107:13-67
109            android:authorities="com.example.quality_control.provider"
109-->src\main\AndroidManifest.xml:108:13-60
110            android:exported="false"
110-->src\main\AndroidManifest.xml:109:13-37
111            android:grantUriPermissions="true" >
111-->src\main\AndroidManifest.xml:110:13-47
112
113            <!-- ressource file to create -->
114            <meta-data
114-->src\main\AndroidManifest.xml:112:13-115:25
115                android:name="android.support.FILE_PROVIDER_PATHS"
115-->src\main\AndroidManifest.xml:113:17-67
116                android:resource="@xml/file_paths" >
116-->src\main\AndroidManifest.xml:114:17-51
117            </meta-data>
118        </provider>
119
120        <meta-data
120-->[com.android.support:support-v4:26.1.0] AndroidManifest.xml:26:9-28:38
121            android:name="android.support.VERSION"
121-->[com.android.support:support-v4:26.1.0] AndroidManifest.xml:27:13-51
122            android:value="26.1.0" />
122-->[com.android.support:support-v4:26.1.0] AndroidManifest.xml:28:13-35
123        <meta-data
123-->[android.arch.lifecycle:runtime:1.0.0] AndroidManifest.xml:25:9-27:47
124            android:name="android.arch.lifecycle.VERSION"
124-->[android.arch.lifecycle:runtime:1.0.0] AndroidManifest.xml:26:13-58
125            android:value="27.0.0-SNAPSHOT" />
125-->[android.arch.lifecycle:runtime:1.0.0] AndroidManifest.xml:27:13-44
126    </application>
127
128</manifest>